Removed Pin From Net: NetName=GND Pin=C7-2
Removed Pin From Net: NetName=GND Pin=C18-2
Removed Pin From Net: NetName=IN Pin=F1-10
Removed Pin From Net: NetName=Fuse LED Pin=F1-10
Removed Pin From Net: NetName=IN Pin=IN-1
Removed Pin From Net: NetName=IN Pin=IN-24V-2
Removed Pin From Net: NetName=24Vin Pin=R4-2
Removed Pin From Net: NetName=MidMOS5 Pin=R6-2
Removed Pin From Net: NetName=Alrt 5 Pin=R7-2
Removed Pin From Net: NetName=5V IN- Pin=R9-2
Removed Pin From Net: NetName=5V IN+ Pin=R10-2
Removed Pin From Net: NetName=5V Board Pin=R11-2
Removed Pin From Net: NetName=5V Board Pin=R12-2
Removed Pin From Net: NetName=GND Pin=R14-1
Removed Pin From Net: NetName=Alrt 24 Pin=R44-2
Removed Pin From Net: NetName=GND Pin=R45-2
Removed Pin From Net: NetName=5V Board Pin=R46-2
Removed Pin From Net: NetName=5V Board Pin=R47-2
Removed Pin From Net: NetName=Alrt 24-1 Pin=R49-2
Removed Pin From Net: NetName=5V Board Pin=R52-2
Removed Pin From Net: NetName=Alrt 24-2 Pin=R55-2
Removed Pin From Net: NetName=24V-2 IN+ Pin=R56-2
Removed Pin From Net: NetName=24V-2 IN- Pin=R57-2
Removed Pin From Net: NetName=5V Board Pin=R58-2
Removed Pin From Net: NetName=5V Board Pin=R59-2
Removed Pin From Net: NetName=Alrt 24-3 Pin=R61-2
Removed Pin From Net: NetName=24V-3 IN+ Pin=R62-2
Removed Pin From Net: NetName=24V-3 IN- Pin=R63-2
Removed Pin From Net: NetName=5V Board Pin=R64-2
Removed Pin From Net: NetName=5V Board Pin=R65-2
Removed Pin From Net: NetName=5V Board Pin=U1-3
Removed Pin From Net: NetName=MidMOS5 Pin=U2-2
Removed Pin From Net: NetName=MidMOS5 Pin=U2-3
Removed Pin From Net: NetName=24Vin Pin=U2-6
Removed Pin From Net: NetName=24Vin Pin=U2-7
Removed Pin From Net: NetName=24Vin Pin=U2-8
Removed Pin From Net: NetName=GND Pin=U3-14
Removed Pin From Net: NetName=GND Pin=U4-1
Removed Pin From Net: NetName=GND Pin=U4-2
Removed Pin From Net: NetName=GND Pin=U4-3
Removed Pin From Net: NetName=MidMOS5 Pin=U4-6
Removed Pin From Net: NetName=MidMOS5 Pin=U4-7
Removed Pin From Net: NetName=MidMOS5 Pin=U4-8
Removed Pin From Net: NetName=5V Board Pin=U6-3
Removed Pin From Net: NetName=MidMOS3.3 Pin=U7-2
Removed Pin From Net: NetName=MidMOS3.3 Pin=U7-3
Removed Pin From Net: NetName=24Vin Pin=U7-6
Removed Pin From Net: NetName=24Vin Pin=U7-7
Removed Pin From Net: NetName=24Vin Pin=U7-8
Removed Pin From Net: NetName=GND Pin=U8-14
Removed Pin From Net: NetName=GND Pin=U9-1
Removed Pin From Net: NetName=GND Pin=U9-2
Removed Pin From Net: NetName=GND Pin=U9-3
Removed Pin From Net: NetName=MidMOS3.3 Pin=U9-6
Removed Pin From Net: NetName=MidMOS3.3 Pin=U9-7
Removed Pin From Net: NetName=MidMOS3.3 Pin=U9-8
Removed Pin From Net: NetName=GND Pin=U14-4
Change Component Footprint: Designator=U11 Old Footprint=PWP14 New Footprint=PWP14-M
Change Component Comment : Designator=R3 Old Comment=500 New Comment=4.7K
Change Component Comment : Designator=R15 Old Comment=500 New Comment=4.7K
Change Component Comment : Designator=U11 Old Comment=Part Number: TPS27S100APWPR New Comment=TPS27S100APWPR
Change Component Designator: OldDesignator=GND NewDesignator=TP14
Change Component Designator: OldDesignator=IN-24V NewDesignator=1
Change Component Designator: OldDesignator=IN NewDesignator=TP11
Change Component Designator: OldDesignator=OUT-24V NewDesignator=2
Change Component Description : Designator=C15 Old Description=Cap Ceramic 2.2uF 16V X5R 10% SMD 0805 125°C Embossed T/R New Description=
Cap Ceramic 2.2uF 16V X5R 10% SMD 0805 125°C Embossed T/R

Change Component Description : Designator=C16 Old Description=Cap Ceramic 2.2uF 16V X5R 10% SMD 0805 125°C Embossed T/R New Description=
Cap Ceramic 2.2uF 16V X5R 10% SMD 0805 125°C Embossed T/R

Change Component Description : Designator=C24 Old Description=Cap Ceramic 2.2uF 16V X5R 10% SMD 0805 125°C Embossed T/R New Description=
Cap Ceramic 2.2uF 16V X5R 10% SMD 0805 125°C Embossed T/R

Change Component Description : Designator=C25 Old Description=Cap Ceramic 2.2uF 16V X5R 10% SMD 0805 125°C Embossed T/R New Description=
Cap Ceramic 2.2uF 16V X5R 10% SMD 0805 125°C Embossed T/R

Change Component Description : Designator=C26 Old Description=Cap Ceramic 2.2uF 16V X5R 10% SMD 0805 125°C Embossed T/R New Description=
Cap Ceramic 2.2uF 16V X5R 10% SMD 0805 125°C Embossed T/R

Added Component: Designator=R66(RC0805N)
Add component. Clean all parameters for all variants
Add component (AddParameter): Name = "Built_By"; Value = "EMA_UL_Team"; VariantName = "[No Variations]"
Add component (AddParameter): Name = "Copyright"; Value = "Copyright (C) 2018 Accelerated Designs. All rights reserved"; VariantName = "[No Variations]"
Add component (AddParameter): Name = "Manufacturer_Part_Number"; Value = "CRCW0805681RFKEA_1"; VariantName = "[No Variations]"
Add component (AddParameter): Name = "RefDes"; Value = "RefDes"; VariantName = "[No Variations]"
Add component (AddParameter): Name = "Type"; Value = "DEV"; VariantName = "[No Variations]"
Add component (AddParameter): Name = "Value"; Value = "Value"; VariantName = "[No Variations]"
Add component (AddParameter): Name = "Vendor"; Value = "Vishay"; VariantName = "[No Variations]"
Added Component: Designator=R67(RC0805N)
Add component. Clean all parameters for all variants
Add component (AddParameter): Name = "Built_By"; Value = "EMA_UL_Team"; VariantName = "[No Variations]"
Add component (AddParameter): Name = "Copyright"; Value = "Copyright (C) 2018 Accelerated Designs. All rights reserved"; VariantName = "[No Variations]"
Add component (AddParameter): Name = "Manufacturer_Part_Number"; Value = "CRCW0805681RFKEA_1"; VariantName = "[No Variations]"
Add component (AddParameter): Name = "RefDes"; Value = "RefDes"; VariantName = "[No Variations]"
Add component (AddParameter): Name = "Type"; Value = "DEV"; VariantName = "[No Variations]"
Add component (AddParameter): Name = "Value"; Value = "Value"; VariantName = "[No Variations]"
Add component (AddParameter): Name = "Vendor"; Value = "Vishay"; VariantName = "[No Variations]"
Added Component: Designator=R68(RC0805N)
Add component. Clean all parameters for all variants
Add component (AddParameter): Name = "Built_By"; Value = "EMA_UL_Team"; VariantName = "[No Variations]"
Add component (AddParameter): Name = "Copyright"; Value = "Copyright (C) 2018 Accelerated Designs. All rights reserved"; VariantName = "[No Variations]"
Add component (AddParameter): Name = "Manufacturer_Part_Number"; Value = "CRCW0805681RFKEA_1"; VariantName = "[No Variations]"
Add component (AddParameter): Name = "RefDes"; Value = "RefDes"; VariantName = "[No Variations]"
Add component (AddParameter): Name = "Type"; Value = "DEV"; VariantName = "[No Variations]"
Add component (AddParameter): Name = "Value"; Value = "Value"; VariantName = "[No Variations]"
Add component (AddParameter): Name = "Vendor"; Value = "Vishay"; VariantName = "[No Variations]"
Added Component: Designator=R69(RC0805N)
Add component. Clean all parameters for all variants
Add component (AddParameter): Name = "Built_By"; Value = "EMA_UL_Team"; VariantName = "[No Variations]"
Add component (AddParameter): Name = "Copyright"; Value = "Copyright (C) 2018 Accelerated Designs. All rights reserved"; VariantName = "[No Variations]"
Add component (AddParameter): Name = "Manufacturer_Part_Number"; Value = "CRCW0805681RFKEA_1"; VariantName = "[No Variations]"
Add component (AddParameter): Name = "RefDes"; Value = "RefDes"; VariantName = "[No Variations]"
Add component (AddParameter): Name = "Type"; Value = "DEV"; VariantName = "[No Variations]"
Add component (AddParameter): Name = "Value"; Value = "Value"; VariantName = "[No Variations]"
Add component (AddParameter): Name = "Vendor"; Value = "Vishay"; VariantName = "[No Variations]"
Added Component: Designator=R70(RC0805N)
Add component. Clean all parameters for all variants
Add component (AddParameter): Name = "Built_By"; Value = "EMA_UL_Team"; VariantName = "[No Variations]"
Add component (AddParameter): Name = "Copyright"; Value = "Copyright (C) 2018 Accelerated Designs. All rights reserved"; VariantName = "[No Variations]"
Add component (AddParameter): Name = "Manufacturer_Part_Number"; Value = "CRCW0805681RFKEA_1"; VariantName = "[No Variations]"
Add component (AddParameter): Name = "RefDes"; Value = "RefDes"; VariantName = "[No Variations]"
Add component (AddParameter): Name = "Type"; Value = "DEV"; VariantName = "[No Variations]"
Add component (AddParameter): Name = "Value"; Value = "Value"; VariantName = "[No Variations]"
Add component (AddParameter): Name = "Vendor"; Value = "Vishay"; VariantName = "[No Variations]"
Added Pin To Net: NetName=GND Pin=C1-1
Added Pin To Net: NetName=GND Pin=C2-1
Added Pin To Net: NetName=GND Pin=C4-1
Added Pin To Net: NetName=GND Pin=C9-1
Added Pin To Net: NetName=GND Pin=C10-1
Added Pin To Net: NetName=GND Pin=C11-1
Added Pin To Net: NetName=GND Pin=C13-1
Added Pin To Net: NetName=GND Pin=C20-1
Added Pin To Net: NetName=GND Pin=R66-1
Added Pin To Net: NetName=3.3V Disable Pin=R66-2
Added Pin To Net: NetName=GND Pin=R67-1
Added Pin To Net: NetName=DIAG_EN Pin=R67-2
Added Pin To Net: NetName=GND Pin=R68-1
Added Pin To Net: NetName=EN Pin=R68-2
Added Pin To Net: NetName=GND Pin=R69-2
Added Pin To Net: NetName=GND Pin=R70-2
Added Pin To Net: NetName=GND Pin=U3-5
Added Pin To Net: NetName=GND Pin=U3-9
Added Pin To Net: NetName=GND Pin=U8-5
Added Pin To Net: NetName=GND Pin=U8-9
Added Pin To Net: NetName=GND Pin=U8-15
Added Pin To Net: NetName=3.3PGND Pin=C18-2
Added Pin To Net: NetName=3.3PGND Pin=R70-1
Added Pin To Net: NetName=3.3PGND Pin=U8-14
Added Pin To Net: NetName=3.3PGND Pin=U9-1
Added Net: Name=3.3PGND
Added Pin To Net: NetName=5PGND Pin=C7-2
Added Pin To Net: NetName=5PGND Pin=R14-1
Added Pin To Net: NetName=5PGND Pin=R69-1
Added Pin To Net: NetName=5PGND Pin=U3-14
Added Pin To Net: NetName=5PGND Pin=U4-1
Added Net: Name=5PGND
Added Pin To Net: NetName=Net1_2 Pin=1-2
Added Pin To Net: NetName=Net1_2 Pin=TP11-1
Added Net: Name=Net1_2
Added Pin To Net: NetName=NetR3_2 Pin=R3-2
Added Pin To Net: NetName=NetR3_2 Pin=TP3-1
Added Pin To Net: NetName=NetR3_2 Pin=U1-3
Added Pin To Net: NetName=NetR3_2 Pin=U3-3
Added Net: Name=NetR3_2
Added Pin To Net: NetName=NetR15_2 Pin=R15-2
Added Pin To Net: NetName=NetR15_2 Pin=TP8-1
Added Pin To Net: NetName=NetR15_2 Pin=U6-3
Added Pin To Net: NetName=NetR15_2 Pin=U8-3
Added Net: Name=NetR15_2
Added Member To Class: ClassName=Input Member=Component 1 Super Saber - IN
Added Member To Class: ClassName=Output - Motor Units Member=Component R48 OAR5R003JLF
Added Member To Class: ClassName=Output - Motor Units Member=Component R54 OAR5R003JLF
Added Member To Class: ClassName=Output - Motor Units Member=Component R60 OAR5R003JLF
Added Member To Class: ClassName=Arm Power Distro Board (A) Member=Component R66 4.7K
Added Member To Class: ClassName=Arm Power Distro Board (A) Member=Component R67 4.7K
Added Member To Class: ClassName=Arm Power Distro Board (A) Member=Component R68 4.7K
Added Member To Class: ClassName=DC-DC Converters Member=Component R69 0 ohm
Added Member To Class: ClassName=DC-DC Converters Member=Component R70 0 ohm
Added Member To Class: ClassName=Linear Voltage Regulator Member=Component U14 LT1129CST-5#TRPBF
Added Room: Name=Arm Power Distro Board (A)
Added Room: Name=DC-DC Converters
Added Room: Name=Input
Added Room: Name=Linear Voltage Regulator
Added Room: Name=Output - 24V
Added Room: Name=Output - Motor Units
