Replace Part 1 Super Saber in C:\Users\User\Documents\UW 2019-20\Robotics\Arm-Power-Distro-PCB-A-2019-2020\Arm Power Distro Board (A).SchDoc with Super Saber from Connector Schematic Symbols.SchLib
Replace Part C1 EMK212BJ225KG-T in C:\Users\User\Documents\UW 2019-20\Robotics\Arm-Power-Distro-PCB-A-2019-2020\Arm Power Distro Board (A).SchDoc with EMK212BJ225KG-T from EMK212BJ225KG-T.SchLib
Replace Part C2 EMK212BJ225KG-T in C:\Users\User\Documents\UW 2019-20\Robotics\Arm-Power-Distro-PCB-A-2019-2020\Arm Power Distro Board (A).SchDoc with EMK212BJ225KG-T from EMK212BJ225KG-T.SchLib
Replace Part C3 EMK212BJ225KG-T in C:\Users\User\Documents\UW 2019-20\Robotics\Arm-Power-Distro-PCB-A-2019-2020\Arm Power Distro Board (A).SchDoc with EMK212BJ225KG-T from EMK212BJ225KG-T.SchLib
Replace Part C4 EMK212BJ225KG-T in C:\Users\User\Documents\UW 2019-20\Robotics\Arm-Power-Distro-PCB-A-2019-2020\Arm Power Distro Board (A).SchDoc with EMK212BJ225KG-T from EMK212BJ225KG-T.SchLib
Replace Part C5 EMK212BJ225KG-T in C:\Users\User\Documents\UW 2019-20\Robotics\Arm-Power-Distro-PCB-A-2019-2020\Arm Power Distro Board (A).SchDoc with EMK212BJ225KG-T from EMK212BJ225KG-T.SchLib
Replace Part C6 6TPE150MAPB in C:\Users\User\Documents\UW 2019-20\Robotics\Arm-Power-Distro-PCB-A-2019-2020\Arm Power Distro Board (A).SchDoc with 6TPE150MAPB from Pol. Cap 6TPE150MAPB (pkg 1411 (3528 Metric)).SchLib
Replace Part C7 EMK212BJ225KG-T in C:\Users\User\Documents\UW 2019-20\Robotics\Arm-Power-Distro-PCB-A-2019-2020\Arm Power Distro Board (A).SchDoc with EMK212BJ225KG-T from EMK212BJ225KG-T.SchLib
Replace Part C8 EMK212BJ225KG-T in C:\Users\User\Documents\UW 2019-20\Robotics\Arm-Power-Distro-PCB-A-2019-2020\Arm Power Distro Board (A).SchDoc with EMK212BJ225KG-T from EMK212BJ225KG-T.SchLib
Replace Part C9 EMK212BJ225KG-T in C:\Users\User\Documents\UW 2019-20\Robotics\Arm-Power-Distro-PCB-A-2019-2020\Arm Power Distro Board (A).SchDoc with EMK212BJ225KG-T from EMK212BJ225KG-T.SchLib
Replace Part C10 EMK212BJ225KG-T in C:\Users\User\Documents\UW 2019-20\Robotics\Arm-Power-Distro-PCB-A-2019-2020\Arm Power Distro Board (A).SchDoc with EMK212BJ225KG-T from EMK212BJ225KG-T.SchLib
Replace Part C11 EMK212BJ225KG-T in C:\Users\User\Documents\UW 2019-20\Robotics\Arm-Power-Distro-PCB-A-2019-2020\Arm Power Distro Board (A).SchDoc with EMK212BJ225KG-T from EMK212BJ225KG-T.SchLib
Replace Part C12 EMK212BJ225KG-T in C:\Users\User\Documents\UW 2019-20\Robotics\Arm-Power-Distro-PCB-A-2019-2020\Arm Power Distro Board (A).SchDoc with EMK212BJ225KG-T from EMK212BJ225KG-T.SchLib
Replace Part C13 6TPE150MAPB in C:\Users\User\Documents\UW 2019-20\Robotics\Arm-Power-Distro-PCB-A-2019-2020\Arm Power Distro Board (A).SchDoc with 6TPE150MAPB from Pol. Cap 6TPE150MAPB (pkg 1411 (3528 Metric)).SchLib
Replace Part C14 EMK212BJ225KG-T in C:\Users\User\Documents\UW 2019-20\Robotics\Arm-Power-Distro-PCB-A-2019-2020\Arm Power Distro Board (A).SchDoc with EMK212BJ225KG-T from EMK212BJ225KG-T.SchLib
Replace Part C15 EMK212BJ225KG-T in C:\Users\User\Documents\UW 2019-20\Robotics\Arm-Power-Distro-PCB-A-2019-2020\Arm Power Distro Board (A).SchDoc with EMK212BJ225KG-T from EMK212BJ225KG-T.SchLib
Replace Part C16 EMK212BJ225KG-T in C:\Users\User\Documents\UW 2019-20\Robotics\Arm-Power-Distro-PCB-A-2019-2020\Arm Power Distro Board (A).SchDoc with EMK212BJ225KG-T from EMK212BJ225KG-T.SchLib
Replace Part C17 EMK212BJ225KG-T in C:\Users\User\Documents\UW 2019-20\Robotics\Arm-Power-Distro-PCB-A-2019-2020\Arm Power Distro Board (A).SchDoc with EMK212BJ225KG-T from EMK212BJ225KG-T.SchLib
Replace Part C18 EMK212BJ225KG-T in C:\Users\User\Documents\UW 2019-20\Robotics\Arm-Power-Distro-PCB-A-2019-2020\Arm Power Distro Board (A).SchDoc with EMK212BJ225KG-T from EMK212BJ225KG-T.SchLib
Replace Part C19 EMK212BJ225KG-T in C:\Users\User\Documents\UW 2019-20\Robotics\Arm-Power-Distro-PCB-A-2019-2020\Arm Power Distro Board (A).SchDoc with EMK212BJ225KG-T from EMK212BJ225KG-T.SchLib
Replace Part C20 EMK212BJ225KG-T in C:\Users\User\Documents\UW 2019-20\Robotics\Arm-Power-Distro-PCB-A-2019-2020\Arm Power Distro Board (A).SchDoc with EMK212BJ225KG-T from EMK212BJ225KG-T.SchLib
Replace Part C21 EMK212BJ225KG-T in C:\Users\User\Documents\UW 2019-20\Robotics\Arm-Power-Distro-PCB-A-2019-2020\Arm Power Distro Board (A).SchDoc with EMK212BJ225KG-T from EMK212BJ225KG-T.SchLib
Replace Part C22 6TPE150MAPB in C:\Users\User\Documents\UW 2019-20\Robotics\Arm-Power-Distro-PCB-A-2019-2020\Arm Power Distro Board (A).SchDoc with 6TPE150MAPB from Pol. Cap 6TPE150MAPB (pkg 1411 (3528 Metric)).SchLib
Replace Part C23 EMK212BJ225KG-T in C:\Users\User\Documents\UW 2019-20\Robotics\Arm-Power-Distro-PCB-A-2019-2020\Arm Power Distro Board (A).SchDoc with EMK212BJ225KG-T from EMK212BJ225KG-T.SchLib
Replace Part C24 EMK212BJ225KG-T in C:\Users\User\Documents\UW 2019-20\Robotics\Arm-Power-Distro-PCB-A-2019-2020\Arm Power Distro Board (A).SchDoc with EMK212BJ225KG-T from EMK212BJ225KG-T.SchLib
Replace Part C25 EMK212BJ225KG-T in C:\Users\User\Documents\UW 2019-20\Robotics\Arm-Power-Distro-PCB-A-2019-2020\Arm Power Distro Board (A).SchDoc with EMK212BJ225KG-T from EMK212BJ225KG-T.SchLib
Replace Part C26 EMK212BJ225KG-T in C:\Users\User\Documents\UW 2019-20\Robotics\Arm-Power-Distro-PCB-A-2019-2020\Arm Power Distro Board (A).SchDoc with EMK212BJ225KG-T from EMK212BJ225KG-T.SchLib
Replace Part F1 Fuse 2 in C:\Users\User\Documents\UW 2019-20\Robotics\Arm-Power-Distro-PCB-A-2019-2020\Arm Power Distro Board (A).SchDoc with Fuse 2 from Miscellaneous Devices.IntLib
Replace Part F-IN1 WE-LED_K1A2-2 in C:\Users\User\Documents\UW 2019-20\Robotics\Arm-Power-Distro-PCB-A-2019-2020\Arm Power Distro Board (A).SchDoc with WE-LED_K1A2-2 from Altium Content Vault
Replace Part F-IN2 WE-LED_K1A2-2 in C:\Users\User\Documents\UW 2019-20\Robotics\Arm-Power-Distro-PCB-A-2019-2020\Arm Power Distro Board (A).SchDoc with WE-LED_K1A2-2 from Altium Content Vault
Replace Part F-IN3 WE-LED_K1A2-2 in C:\Users\User\Documents\UW 2019-20\Robotics\Arm-Power-Distro-PCB-A-2019-2020\Arm Power Distro Board (A).SchDoc with WE-LED_K1A2-2 from Altium Content Vault
Replace Part F-IN4 WE-LED_K1A2-2 in C:\Users\User\Documents\UW 2019-20\Robotics\Arm-Power-Distro-PCB-A-2019-2020\Arm Power Distro Board (A).SchDoc with WE-LED_K1A2-2 from Altium Content Vault
Replace Part F-IN5 WE-LED_K1A2-2 in C:\Users\User\Documents\UW 2019-20\Robotics\Arm-Power-Distro-PCB-A-2019-2020\Arm Power Distro Board (A).SchDoc with WE-LED_K1A2-2 from Altium Content Vault
Replace Part F-IN6 WE-LED_K1A2-2 in C:\Users\User\Documents\UW 2019-20\Robotics\Arm-Power-Distro-PCB-A-2019-2020\Arm Power Distro Board (A).SchDoc with WE-LED_K1A2-2 from Altium Content Vault
Replace Part F-IN7 WE-LED_K1A2-2 in C:\Users\User\Documents\UW 2019-20\Robotics\Arm-Power-Distro-PCB-A-2019-2020\Arm Power Distro Board (A).SchDoc with WE-LED_K1A2-2 from Altium Content Vault
Replace Part F-IN8 WE-LED_K1A2-2 in C:\Users\User\Documents\UW 2019-20\Robotics\Arm-Power-Distro-PCB-A-2019-2020\Arm Power Distro Board (A).SchDoc with WE-LED_K1A2-2 from Altium Content Vault
Replace Part F-IN9 WE-LED_K1A2-2 in C:\Users\User\Documents\UW 2019-20\Robotics\Arm-Power-Distro-PCB-A-2019-2020\Arm Power Distro Board (A).SchDoc with WE-LED_K1A2-2 from Altium Content Vault
Replace Part J1 Molex micro-fit 4-pin (dual row schematic) in C:\Users\User\Documents\UW 2019-20\Robotics\Arm-Power-Distro-PCB-A-2019-2020\Arm Power Distro Board (A).SchDoc with Molex micro-fit 4-pin (dual row schematic) from Connector Schematic Symbols.SchLib
Replace Part J2 Molex micro-fit 4-pin (dual row schematic) in C:\Users\User\Documents\UW 2019-20\Robotics\Arm-Power-Distro-PCB-A-2019-2020\Arm Power Distro Board (A).SchDoc with Molex micro-fit 4-pin (dual row schematic) from Connector Schematic Symbols.SchLib
Replace Part J3 SAMTEC-FTSH-105-01-X-D in C:\Users\User\Documents\UW 2019-20\Robotics\Arm-Power-Distro-PCB-A-2019-2020\Arm Power Distro Board (A).SchDoc with SAMTEC-FTSH-105-01-X-D from Connector Schematic Symbols.SchLib
Replace Part L1 SRP1250-100M in C:\Users\User\Documents\UW 2019-20\Robotics\Arm-Power-Distro-PCB-A-2019-2020\Arm Power Distro Board (A).SchDoc with SRP1250-100M from Inductor SRP1250-100M.SchLib
Replace Part L2 SRP1250-100M in C:\Users\User\Documents\UW 2019-20\Robotics\Arm-Power-Distro-PCB-A-2019-2020\Arm Power Distro Board (A).SchDoc with SRP1250-100M from Inductor SRP1250-100M.SchLib
Replace Part L3 SRP1250-100M in C:\Users\User\Documents\UW 2019-20\Robotics\Arm-Power-Distro-PCB-A-2019-2020\Arm Power Distro Board (A).SchDoc with SRP1250-100M from Inductor SRP1250-100M.SchLib
Replace Part P1 Header 8X2 in C:\Users\User\Documents\UW 2019-20\Robotics\Arm-Power-Distro-PCB-A-2019-2020\Arm Power Distro Board (A).SchDoc with Header 8X2 from Miscellaneous Connectors.IntLib
Replace Part P2 Header 2 in C:\Users\User\Documents\UW 2019-20\Robotics\Arm-Power-Distro-PCB-A-2019-2020\Arm Power Distro Board (A).SchDoc with Header 2 from Miscellaneous Connectors.IntLib
Replace Part P3 Header 8X2 in C:\Users\User\Documents\UW 2019-20\Robotics\Arm-Power-Distro-PCB-A-2019-2020\Arm Power Distro Board (A).SchDoc with Header 8X2 from Miscellaneous Connectors.IntLib
Replace Part P4 Header 8X2 in C:\Users\User\Documents\UW 2019-20\Robotics\Arm-Power-Distro-PCB-A-2019-2020\Arm Power Distro Board (A).SchDoc with Header 8X2 from Miscellaneous Connectors.IntLib
Replace Part P5 Header 2 in C:\Users\User\Documents\UW 2019-20\Robotics\Arm-Power-Distro-PCB-A-2019-2020\Arm Power Distro Board (A).SchDoc with Header 2 from Miscellaneous Connectors.IntLib
Replace Part P6 Header 2 in C:\Users\User\Documents\UW 2019-20\Robotics\Arm-Power-Distro-PCB-A-2019-2020\Arm Power Distro Board (A).SchDoc with Header 2 from Miscellaneous Connectors.IntLib
Replace Part P7 Header 3 in C:\Users\User\Documents\UW 2019-20\Robotics\Arm-Power-Distro-PCB-A-2019-2020\Arm Power Distro Board (A).SchDoc with Header 3 from Miscellaneous Connectors.IntLib
Replace Part R1 CRCW0805681RFKEA in C:\Users\User\Documents\UW 2019-20\Robotics\Arm-Power-Distro-PCB-A-2019-2020\Arm Power Distro Board (A).SchDoc with CRCW0805681RFKEA from 2019-11-21_04-54-07.SchLib
Replace Part R3 CRCW0805681RFKEA in C:\Users\User\Documents\UW 2019-20\Robotics\Arm-Power-Distro-PCB-A-2019-2020\Arm Power Distro Board (A).SchDoc with CRCW0805681RFKEA from 2019-11-21_04-54-07.SchLib
Replace Part R4 CRCW0805681RFKEA in C:\Users\User\Documents\UW 2019-20\Robotics\Arm-Power-Distro-PCB-A-2019-2020\Arm Power Distro Board (A).SchDoc with CRCW0805681RFKEA from 2019-11-21_04-54-07.SchLib
Replace Part R5 CRCW0805681RFKEA in C:\Users\User\Documents\UW 2019-20\Robotics\Arm-Power-Distro-PCB-A-2019-2020\Arm Power Distro Board (A).SchDoc with CRCW0805681RFKEA from 2019-11-21_04-54-07.SchLib
Replace Part R6 CRCW0805681RFKEA in C:\Users\User\Documents\UW 2019-20\Robotics\Arm-Power-Distro-PCB-A-2019-2020\Arm Power Distro Board (A).SchDoc with CRCW0805681RFKEA from 2019-11-21_04-54-07.SchLib
Replace Part R7 CRCW0805681RFKEA in C:\Users\User\Documents\UW 2019-20\Robotics\Arm-Power-Distro-PCB-A-2019-2020\Arm Power Distro Board (A).SchDoc with CRCW0805681RFKEA from 2019-11-21_04-54-07.SchLib
Replace Part R9 CRCW0805681RFKEA in C:\Users\User\Documents\UW 2019-20\Robotics\Arm-Power-Distro-PCB-A-2019-2020\Arm Power Distro Board (A).SchDoc with CRCW0805681RFKEA from 2019-11-21_04-54-07.SchLib
Replace Part R10 CRCW0805681RFKEA in C:\Users\User\Documents\UW 2019-20\Robotics\Arm-Power-Distro-PCB-A-2019-2020\Arm Power Distro Board (A).SchDoc with CRCW0805681RFKEA from 2019-11-21_04-54-07.SchLib
Replace Part R11 CRCW0805681RFKEA in C:\Users\User\Documents\UW 2019-20\Robotics\Arm-Power-Distro-PCB-A-2019-2020\Arm Power Distro Board (A).SchDoc with CRCW0805681RFKEA from 2019-11-21_04-54-07.SchLib
Replace Part R12 CRCW0805681RFKEA in C:\Users\User\Documents\UW 2019-20\Robotics\Arm-Power-Distro-PCB-A-2019-2020\Arm Power Distro Board (A).SchDoc with CRCW0805681RFKEA from 2019-11-21_04-54-07.SchLib
Replace Part R13 CRCW0805681RFKEA in C:\Users\User\Documents\UW 2019-20\Robotics\Arm-Power-Distro-PCB-A-2019-2020\Arm Power Distro Board (A).SchDoc with CRCW0805681RFKEA from 2019-11-21_04-54-07.SchLib
Replace Part R14 CRCW0805681RFKEA in C:\Users\User\Documents\UW 2019-20\Robotics\Arm-Power-Distro-PCB-A-2019-2020\Arm Power Distro Board (A).SchDoc with CRCW0805681RFKEA from 2019-11-21_04-54-07.SchLib
Replace Part R16 CRCW0805681RFKEA in C:\Users\User\Documents\UW 2019-20\Robotics\Arm-Power-Distro-PCB-A-2019-2020\Arm Power Distro Board (A).SchDoc with CRCW0805681RFKEA from 2019-11-21_04-54-07.SchLib
Replace Part R17 CRCW0805681RFKEA in C:\Users\User\Documents\UW 2019-20\Robotics\Arm-Power-Distro-PCB-A-2019-2020\Arm Power Distro Board (A).SchDoc with CRCW0805681RFKEA from 2019-11-21_04-54-07.SchLib
Replace Part R18 CRCW0805681RFKEA in C:\Users\User\Documents\UW 2019-20\Robotics\Arm-Power-Distro-PCB-A-2019-2020\Arm Power Distro Board (A).SchDoc with CRCW0805681RFKEA from 2019-11-21_04-54-07.SchLib
Replace Part R19 CRCW0805681RFKEA in C:\Users\User\Documents\UW 2019-20\Robotics\Arm-Power-Distro-PCB-A-2019-2020\Arm Power Distro Board (A).SchDoc with CRCW0805681RFKEA from 2019-11-21_04-54-07.SchLib
Replace Part R20 RES in C:\Users\User\Documents\UW 2019-20\Robotics\Arm-Power-Distro-PCB-A-2019-2020\Arm Power Distro Board (A).SchDoc with RES from Altium Content Vault
Replace Part R21 RES in C:\Users\User\Documents\UW 2019-20\Robotics\Arm-Power-Distro-PCB-A-2019-2020\Arm Power Distro Board (A).SchDoc with RES from Altium Content Vault
Replace Part R22 RES in C:\Users\User\Documents\UW 2019-20\Robotics\Arm-Power-Distro-PCB-A-2019-2020\Arm Power Distro Board (A).SchDoc with RES from Altium Content Vault
Replace Part R23 RES in C:\Users\User\Documents\UW 2019-20\Robotics\Arm-Power-Distro-PCB-A-2019-2020\Arm Power Distro Board (A).SchDoc with RES from Altium Content Vault
Replace Part R24 RES in C:\Users\User\Documents\UW 2019-20\Robotics\Arm-Power-Distro-PCB-A-2019-2020\Arm Power Distro Board (A).SchDoc with RES from Altium Content Vault
Replace Part R25 RES in C:\Users\User\Documents\UW 2019-20\Robotics\Arm-Power-Distro-PCB-A-2019-2020\Arm Power Distro Board (A).SchDoc with RES from Altium Content Vault
Replace Part R26 RES in C:\Users\User\Documents\UW 2019-20\Robotics\Arm-Power-Distro-PCB-A-2019-2020\Arm Power Distro Board (A).SchDoc with RES from Altium Content Vault
Replace Part R27 RES in C:\Users\User\Documents\UW 2019-20\Robotics\Arm-Power-Distro-PCB-A-2019-2020\Arm Power Distro Board (A).SchDoc with RES from Altium Content Vault
Replace Part R28 RES in C:\Users\User\Documents\UW 2019-20\Robotics\Arm-Power-Distro-PCB-A-2019-2020\Arm Power Distro Board (A).SchDoc with RES from Altium Content Vault
Replace Part R29 CRCW0805681RFKEA in C:\Users\User\Documents\UW 2019-20\Robotics\Arm-Power-Distro-PCB-A-2019-2020\Arm Power Distro Board (A).SchDoc with CRCW0805681RFKEA from 2019-11-21_04-54-07.SchLib
Replace Part R30 CRCW0805681RFKEA in C:\Users\User\Documents\UW 2019-20\Robotics\Arm-Power-Distro-PCB-A-2019-2020\Arm Power Distro Board (A).SchDoc with CRCW0805681RFKEA from 2019-11-21_04-54-07.SchLib
Replace Part R31 CRCW0805681RFKEA in C:\Users\User\Documents\UW 2019-20\Robotics\Arm-Power-Distro-PCB-A-2019-2020\Arm Power Distro Board (A).SchDoc with CRCW0805681RFKEA from 2019-11-21_04-54-07.SchLib
Replace Part S1 Switch 6mm 24V (NO) in C:\Users\User\Documents\UW 2019-20\Robotics\Arm-Power-Distro-PCB-A-2019-2020\Arm Power Distro Board (A).SchDoc with Switch 6mm 24V (NO) from Switch 6mm 24V.SchLib
Replace Part TP1 Test Point in C:\Users\User\Documents\UW 2019-20\Robotics\Arm-Power-Distro-PCB-A-2019-2020\Arm Power Distro Board (A).SchDoc with Test Point from Test Points.SchLib
Replace Part TP2 Test Point in C:\Users\User\Documents\UW 2019-20\Robotics\Arm-Power-Distro-PCB-A-2019-2020\Arm Power Distro Board (A).SchDoc with Test Point from Test Points.SchLib
Replace Part TP3 Test Point in C:\Users\User\Documents\UW 2019-20\Robotics\Arm-Power-Distro-PCB-A-2019-2020\Arm Power Distro Board (A).SchDoc with Test Point from Test Points.SchLib
Replace Part TP4 Test Point in C:\Users\User\Documents\UW 2019-20\Robotics\Arm-Power-Distro-PCB-A-2019-2020\Arm Power Distro Board (A).SchDoc with Test Point from Test Points.SchLib
Replace Part TP5 Test Point in C:\Users\User\Documents\UW 2019-20\Robotics\Arm-Power-Distro-PCB-A-2019-2020\Arm Power Distro Board (A).SchDoc with Test Point from Test Points.SchLib
Replace Part TP6 Test Point in C:\Users\User\Documents\UW 2019-20\Robotics\Arm-Power-Distro-PCB-A-2019-2020\Arm Power Distro Board (A).SchDoc with Test Point from Test Points.SchLib
Replace Part TP7 Test Point in C:\Users\User\Documents\UW 2019-20\Robotics\Arm-Power-Distro-PCB-A-2019-2020\Arm Power Distro Board (A).SchDoc with Test Point from Test Points.SchLib
Replace Part TP8 Test Point in C:\Users\User\Documents\UW 2019-20\Robotics\Arm-Power-Distro-PCB-A-2019-2020\Arm Power Distro Board (A).SchDoc with Test Point from Test Points.SchLib
Replace Part TP9 Test Point in C:\Users\User\Documents\UW 2019-20\Robotics\Arm-Power-Distro-PCB-A-2019-2020\Arm Power Distro Board (A).SchDoc with Test Point from Test Points.SchLib
Replace Part TP10 Test Point in C:\Users\User\Documents\UW 2019-20\Robotics\Arm-Power-Distro-PCB-A-2019-2020\Arm Power Distro Board (A).SchDoc with Test Point from Test Points.SchLib
Replace Part TP11 Test Point in C:\Users\User\Documents\UW 2019-20\Robotics\Arm-Power-Distro-PCB-A-2019-2020\Arm Power Distro Board (A).SchDoc with Test Point from Test Points.SchLib
Replace Part TP12 Test Point in C:\Users\User\Documents\UW 2019-20\Robotics\Arm-Power-Distro-PCB-A-2019-2020\Arm Power Distro Board (A).SchDoc with Test Point from Test Points.SchLib
Replace Part TP13 Test Point in C:\Users\User\Documents\UW 2019-20\Robotics\Arm-Power-Distro-PCB-A-2019-2020\Arm Power Distro Board (A).SchDoc with Test Point from Test Points.SchLib
Replace Part TP14 Test Point in C:\Users\User\Documents\UW 2019-20\Robotics\Arm-Power-Distro-PCB-A-2019-2020\Arm Power Distro Board (A).SchDoc with Test Point from Test Points.SchLib
Replace Part TP15 Test Point in C:\Users\User\Documents\UW 2019-20\Robotics\Arm-Power-Distro-PCB-A-2019-2020\Arm Power Distro Board (A).SchDoc with Test Point from Test Points.SchLib
Replace Part TP16 Test Point in C:\Users\User\Documents\UW 2019-20\Robotics\Arm-Power-Distro-PCB-A-2019-2020\Arm Power Distro Board (A).SchDoc with Test Point from Test Points.SchLib
Replace Part TP17 Test Point in C:\Users\User\Documents\UW 2019-20\Robotics\Arm-Power-Distro-PCB-A-2019-2020\Arm Power Distro Board (A).SchDoc with Test Point from Test Points.SchLib
Replace Part TP18 Test Point in C:\Users\User\Documents\UW 2019-20\Robotics\Arm-Power-Distro-PCB-A-2019-2020\Arm Power Distro Board (A).SchDoc with Test Point from Test Points.SchLib
Replace Part TP19 Test Point in C:\Users\User\Documents\UW 2019-20\Robotics\Arm-Power-Distro-PCB-A-2019-2020\Arm Power Distro Board (A).SchDoc with Test Point from Test Points.SchLib
Replace Part TP20 Test Point in C:\Users\User\Documents\UW 2019-20\Robotics\Arm-Power-Distro-PCB-A-2019-2020\Arm Power Distro Board (A).SchDoc with Test Point from Test Points.SchLib
Replace Part TP21 Test Point in C:\Users\User\Documents\UW 2019-20\Robotics\Arm-Power-Distro-PCB-A-2019-2020\Arm Power Distro Board (A).SchDoc with Test Point from Test Points.SchLib
Replace Part TP22 Test Point in C:\Users\User\Documents\UW 2019-20\Robotics\Arm-Power-Distro-PCB-A-2019-2020\Arm Power Distro Board (A).SchDoc with Test Point from Test Points.SchLib
Replace Part TP23 Test Point in C:\Users\User\Documents\UW 2019-20\Robotics\Arm-Power-Distro-PCB-A-2019-2020\Arm Power Distro Board (A).SchDoc with Test Point from Test Points.SchLib
Replace Part TP24 Test Point in C:\Users\User\Documents\UW 2019-20\Robotics\Arm-Power-Distro-PCB-A-2019-2020\Arm Power Distro Board (A).SchDoc with Test Point from Test Points.SchLib
Replace Part TP25 Test Point in C:\Users\User\Documents\UW 2019-20\Robotics\Arm-Power-Distro-PCB-A-2019-2020\Arm Power Distro Board (A).SchDoc with Test Point from Test Points.SchLib
Replace Part TP26 Test Point in C:\Users\User\Documents\UW 2019-20\Robotics\Arm-Power-Distro-PCB-A-2019-2020\Arm Power Distro Board (A).SchDoc with Test Point from Test Points.SchLib
Replace Part TP27 Test Point in C:\Users\User\Documents\UW 2019-20\Robotics\Arm-Power-Distro-PCB-A-2019-2020\Arm Power Distro Board (A).SchDoc with Test Point from Test Points.SchLib
Replace Part TP28 Test Point in C:\Users\User\Documents\UW 2019-20\Robotics\Arm-Power-Distro-PCB-A-2019-2020\Arm Power Distro Board (A).SchDoc with Test Point from Test Points.SchLib
Replace Part TP29 Test Point in C:\Users\User\Documents\UW 2019-20\Robotics\Arm-Power-Distro-PCB-A-2019-2020\Arm Power Distro Board (A).SchDoc with Test Point from Test Points.SchLib
Replace Part TP30 Test Point in C:\Users\User\Documents\UW 2019-20\Robotics\Arm-Power-Distro-PCB-A-2019-2020\Arm Power Distro Board (A).SchDoc with Test Point from Test Points.SchLib
Replace Part TP31 Test Point in C:\Users\User\Documents\UW 2019-20\Robotics\Arm-Power-Distro-PCB-A-2019-2020\Arm Power Distro Board (A).SchDoc with Test Point from Test Points.SchLib
Replace Part TP32 Test Point in C:\Users\User\Documents\UW 2019-20\Robotics\Arm-Power-Distro-PCB-A-2019-2020\Arm Power Distro Board (A).SchDoc with Test Point from Test Points.SchLib
Replace Part TP33 Test Point in C:\Users\User\Documents\UW 2019-20\Robotics\Arm-Power-Distro-PCB-A-2019-2020\Arm Power Distro Board (A).SchDoc with Test Point from Test Points.SchLib
Replace Part TP34 Test Point in C:\Users\User\Documents\UW 2019-20\Robotics\Arm-Power-Distro-PCB-A-2019-2020\Arm Power Distro Board (A).SchDoc with Test Point from Test Points.SchLib
Replace Part TP35 Test Point in C:\Users\User\Documents\UW 2019-20\Robotics\Arm-Power-Distro-PCB-A-2019-2020\Arm Power Distro Board (A).SchDoc with Test Point from Test Points.SchLib
Replace Part TP36 Test Point in C:\Users\User\Documents\UW 2019-20\Robotics\Arm-Power-Distro-PCB-A-2019-2020\Arm Power Distro Board (A).SchDoc with Test Point from Test Points.SchLib
Replace Part U1 CSD18537NQ5A in C:\Users\User\Documents\UW 2019-20\Robotics\Arm-Power-Distro-PCB-A-2019-2020\Arm Power Distro Board (A).SchDoc with CSD18537NQ5A from NMOS - CSB18537NQ5A (5V H).SchLib
Replace Part U2 LM3150MHX/NOPB in C:\Users\User\Documents\UW 2019-20\Robotics\Arm-Power-Distro-PCB-A-2019-2020\Arm Power Distro Board (A).SchDoc with LM3150MHX/NOPB from LM3150 - Buck Converter Controller (Functional).SchLib
Replace Part U3 CSD19534Q5A in C:\Users\User\Documents\UW 2019-20\Robotics\Arm-Power-Distro-PCB-A-2019-2020\Arm Power Distro Board (A).SchDoc with CSD19534Q5A from NMOS - CSD19534Q5A (5V L).SchLib
Replace Part U4 INA194AIDBVR in C:\Users\User\Documents\UW 2019-20\Robotics\Arm-Power-Distro-PCB-A-2019-2020\Arm Power Distro Board (A).SchDoc with INA194AIDBVR from Current Sense IC - INA194AIDBVR.SchLib
Replace Part U5 IRLML6344TRPBF in C:\Users\User\Documents\UW 2019-20\Robotics\Arm-Power-Distro-PCB-A-2019-2020\Arm Power Distro Board (A).SchDoc with IRLML6344TRPBF from Power MOS for EN.SchLib
Replace Part U6 CSD18537NQ5A in C:\Users\User\Documents\UW 2019-20\Robotics\Arm-Power-Distro-PCB-A-2019-2020\Arm Power Distro Board (A).SchDoc with CSD18537NQ5A from NMOS - CSB18537NQ5A (5V H).SchLib
Replace Part U7 LM3150MHX/NOPB in C:\Users\User\Documents\UW 2019-20\Robotics\Arm-Power-Distro-PCB-A-2019-2020\Arm Power Distro Board (A).SchDoc with LM3150MHX/NOPB from LM3150 - Buck Converter Controller (Functional).SchLib
Replace Part U8 CSD19534Q5A in C:\Users\User\Documents\UW 2019-20\Robotics\Arm-Power-Distro-PCB-A-2019-2020\Arm Power Distro Board (A).SchDoc with CSD19534Q5A from NMOS - CSD19534Q5A (5V L).SchLib
Replace Part U9 INA194AIDBVR in C:\Users\User\Documents\UW 2019-20\Robotics\Arm-Power-Distro-PCB-A-2019-2020\Arm Power Distro Board (A).SchDoc with INA194AIDBVR from Current Sense IC - INA194AIDBVR.SchLib
Replace Part U10 IRLML6344TRPBF in C:\Users\User\Documents\UW 2019-20\Robotics\Arm-Power-Distro-PCB-A-2019-2020\Arm Power Distro Board (A).SchDoc with IRLML6344TRPBF from Power MOS for EN.SchLib
Replace Part U11 CSD18537NQ5A in C:\Users\User\Documents\UW 2019-20\Robotics\Arm-Power-Distro-PCB-A-2019-2020\Arm Power Distro Board (A).SchDoc with CSD18537NQ5A from NMOS - CSB18537NQ5A (5V H).SchLib
Replace Part U12 LM3150MHX/NOPB in C:\Users\User\Documents\UW 2019-20\Robotics\Arm-Power-Distro-PCB-A-2019-2020\Arm Power Distro Board (A).SchDoc with LM3150MHX/NOPB from LM3150 - Buck Converter Controller (Functional).SchLib
Replace Part U13 CY8C4248AZI-L485 in C:\Users\User\Documents\UW 2019-20\Robotics\Arm-Power-Distro-PCB-A-2019-2020\Arm Power Distro Board (A).SchDoc with CY8C4248AZI-L485 from PSOC.SchLib
Replace Part U14 CSD19534Q5A in C:\Users\User\Documents\UW 2019-20\Robotics\Arm-Power-Distro-PCB-A-2019-2020\Arm Power Distro Board (A).SchDoc with CSD19534Q5A from NMOS - CSD19534Q5A (5V L).SchLib
Replace Part U15 INA194AIDBVR in C:\Users\User\Documents\UW 2019-20\Robotics\Arm-Power-Distro-PCB-A-2019-2020\Arm Power Distro Board (A).SchDoc with INA194AIDBVR from Current Sense IC - INA194AIDBVR.SchLib
Replace Part U16 MCP2562-E/SN in C:\Users\User\Documents\UW 2019-20\Robotics\Arm-Power-Distro-PCB-A-2019-2020\Arm Power Distro Board (A).SchDoc with MCP2562-E/SN from CAN Tranceiver.SchLib
Replace Part Y1 SG-636 in C:\Users\User\Documents\UW 2019-20\Robotics\Arm-Power-Distro-PCB-A-2019-2020\Arm Power Distro Board (A).SchDoc with SG-636 from Oscillator.SchLib
