Removed Pin From Net: NetName=NetR6_1 Pin=J3-10
Removed Pin From Net: NetName=24Vin Pin=R4-2
Removed Pin From Net: NetName=24Vin Pin=R16-2
Removed Pin From Net: NetName=MidMOS3.3 Pin=R18-2
Removed Pin From Net: NetName=NetJ3_2 Pin=R30-2
Removed Pin From Net: NetName=Alrt 3.3 Pin=R32-2
Removed Pin From Net: NetName=3.3V IN+ Pin=R34-2
Removed Pin From Net: NetName=3.3V IN- Pin=R35-2
Removed Pin From Net: NetName=5V Board Pin=R36-2
Removed Pin From Net: NetName=3.3PGND Pin=R37-2
Removed Pin From Net: NetName=5V Board Pin=R38-2
Removed Pin From Net: NetName=MidMOS5 Pin=U2-2
Removed Pin From Net: NetName=MidMOS5 Pin=U2-3
Removed Pin From Net: NetName=24Vin Pin=U2-6
Removed Pin From Net: NetName=24Vin Pin=U2-7
Removed Pin From Net: NetName=24Vin Pin=U2-8
Removed Pin From Net: NetName=24Vin Pin=U2-9
Removed Pin From Net: NetName=5PGND Pin=U4-2
Removed Pin From Net: NetName=5PGND Pin=U4-3
Removed Pin From Net: NetName=MidMOS5 Pin=U4-6
Removed Pin From Net: NetName=MidMOS5 Pin=U4-6
Removed Pin From Net: NetName=MidMOS5 Pin=U4-7
Removed Pin From Net: NetName=MidMOS5 Pin=U4-8
Removed Pin From Net: NetName=MidMOS3.3 Pin=U7-2
Removed Pin From Net: NetName=MidMOS3.3 Pin=U7-3
Removed Pin From Net: NetName=24Vin Pin=U7-6
Removed Pin From Net: NetName=24Vin Pin=U7-6
Removed Pin From Net: NetName=24Vin Pin=U7-7
Removed Pin From Net: NetName=24Vin Pin=U7-8
Removed Pin From Net: NetName=3.3PGND Pin=U9-2
Removed Pin From Net: NetName=3.3PGND Pin=U9-3
Removed Pin From Net: NetName=MidMOS3.3 Pin=U9-6
Removed Pin From Net: NetName=MidMOS3.3 Pin=U9-6
Removed Pin From Net: NetName=MidMOS3.3 Pin=U9-7
Removed Pin From Net: NetName=MidMOS3.3 Pin=U9-8
Added Pin To Net: NetName=NetJ3_10 Pin=J3-10
Added Pin To Net: NetName=NetJ3_10 Pin=R30-2
Added Net: Name=NetJ3_10
Added Room: Name=Arm Power Distro Board (A)
Added Room: Name=DC-DC Converters
Added Room: Name=Input
Added Room: Name=Linear Voltage Regulator
Added Room: Name=Output - 24V
Added Room: Name=Output - Motor Units
