Change Component Footprint: Designator=R5 Old Footprint=OAR5R003JLF New Footprint=*RESC6331X70N
Change Component Footprint: Designator=R17 Old Footprint=OAR5R003JLF New Footprint=*RESC6331X70N
Change Component Footprint: Designator=R39 Old Footprint=OAR5R003JLF New Footprint=*RESC6331X70N
Change Component Footprint: Designator=R48 Old Footprint=OAR5R003JLF New Footprint=*RESC6331X70N
Change Component Footprint: Designator=R54 Old Footprint=OAR5R003JLF New Footprint=*RESC6331X70N
Change Component Footprint: Designator=R60 Old Footprint=OAR5R003JLF New Footprint=*RESC6331X70N
Change Component Comment : Designator=R5 Old Comment=OAR5R003JLF New Comment=1-1879378-2
Change Component Comment : Designator=R17 Old Comment=OAR5R003JLF New Comment=1-1879378-2
Change Component Comment : Designator=R39 Old Comment=OAR5R003JLF New Comment=1-1879378-2
Change Component Comment : Designator=R48 Old Comment=OAR5R003JLF New Comment=1-1879378-2
Change Component Comment : Designator=R54 Old Comment=OAR5R003JLF New Comment=1-1879378-2
Change Component Comment : Designator=R60 Old Comment=OAR5R003JLF New Comment=1-1879378-2
Change component parameters: Designator = "R5"; Footprint = "*RESC6331X70N"; UniqueID = "\MCEHAEMS"
Change component parameters. Clean all parameters for all variants
Change component parameters (AddParameter): Name = "Digi-Key_Part_Number"; Value = "A131783CT-ND"; VariantName = "[No Variations]"
Change component parameters (AddParameter): Name = "Digi-Key_Purchase_URL"; Value = "https://www.digikey.com/product-detail/en/te-connectivity-passive-product/TLR3A20KR003FTDG/A131783CT-ND/8603913?utm_source=snapeda&utm_medium=aggregator&utm_campaign=symbol"; VariantName = "[No Variations]"
Change component parameters (AddParameter): Name = "EU_RoHS_Compliance"; Value = "Compliant"; VariantName = "[No Variations]"
Change component parameters (AddParameter): Name = "MF"; Value = "TE Connectivity"; VariantName = "[No Variations]"
Change component parameters (AddParameter): Name = "MP"; Value = "TLR3A20KR003FTDG"; VariantName = "[No Variations]"
Change component parameters (AddParameter): Name = "Package"; Value = "2512"; VariantName = "[No Variations]"
Change component parameters (AddParameter): Name = "Power_Rating"; Value = "2 W"; VariantName = "[No Variations]"
Change component parameters (AddParameter): Name = "Resistance"; Value = ".003"; VariantName = "[No Variations]"
Change component parameters (AddParameter): Name = "SnapEDA_Link"; Value = "https://www.snapeda.com/parts/TLR3A20KR003FTDG/TE%20Connectivity/view-part/1169417/?ref=snap"; VariantName = "[No Variations]"
Change component parameters (AddParameter): Name = "TE_purchase_URL"; Value = "https://www.te.com/usa-en/product-1-1879378-2.html?te_bu=Cor&te_type=disp&te_campaign=seda_glo_cor-seda-global-disp-prtnr-fy19-seda-model-bom-cta_sma-317_1&elqCampaignId=32493"; VariantName = "[No Variations]"
Change component parameters (AddParameter): Name = "Tolerance"; Value = "1%"; VariantName = "[No Variations]"
Change component parameters (AddParameter): Name = "Value"; Value = ""; VariantName = "[No Variations]"
Change component parameters: Designator = "R17"; Footprint = "*RESC6331X70N"; UniqueID = "\OHYXETZB"
Change component parameters. Clean all parameters for all variants
Change component parameters (AddParameter): Name = "Digi-Key_Part_Number"; Value = "A131783CT-ND"; VariantName = "[No Variations]"
Change component parameters (AddParameter): Name = "Digi-Key_Purchase_URL"; Value = "https://www.digikey.com/product-detail/en/te-connectivity-passive-product/TLR3A20KR003FTDG/A131783CT-ND/8603913?utm_source=snapeda&utm_medium=aggregator&utm_campaign=symbol"; VariantName = "[No Variations]"
Change component parameters (AddParameter): Name = "EU_RoHS_Compliance"; Value = "Compliant"; VariantName = "[No Variations]"
Change component parameters (AddParameter): Name = "MF"; Value = "TE Connectivity"; VariantName = "[No Variations]"
Change component parameters (AddParameter): Name = "MP"; Value = "TLR3A20KR003FTDG"; VariantName = "[No Variations]"
Change component parameters (AddParameter): Name = "Package"; Value = "2512"; VariantName = "[No Variations]"
Change component parameters (AddParameter): Name = "Power_Rating"; Value = "2 W"; VariantName = "[No Variations]"
Change component parameters (AddParameter): Name = "Resistance"; Value = ".003"; VariantName = "[No Variations]"
Change component parameters (AddParameter): Name = "SnapEDA_Link"; Value = "https://www.snapeda.com/parts/TLR3A20KR003FTDG/TE%20Connectivity/view-part/1169417/?ref=snap"; VariantName = "[No Variations]"
Change component parameters (AddParameter): Name = "TE_purchase_URL"; Value = "https://www.te.com/usa-en/product-1-1879378-2.html?te_bu=Cor&te_type=disp&te_campaign=seda_glo_cor-seda-global-disp-prtnr-fy19-seda-model-bom-cta_sma-317_1&elqCampaignId=32493"; VariantName = "[No Variations]"
Change component parameters (AddParameter): Name = "Tolerance"; Value = "1%"; VariantName = "[No Variations]"
Change component parameters (AddParameter): Name = "Value"; Value = ""; VariantName = "[No Variations]"
Change component parameters: Designator = "R39"; Footprint = "*RESC6331X70N"; UniqueID = "\DVBVQOOO"
Change component parameters. Clean all parameters for all variants
Change component parameters (AddParameter): Name = "Digi-Key_Part_Number"; Value = "A131783CT-ND"; VariantName = "[No Variations]"
Change component parameters (AddParameter): Name = "Digi-Key_Purchase_URL"; Value = "https://www.digikey.com/product-detail/en/te-connectivity-passive-product/TLR3A20KR003FTDG/A131783CT-ND/8603913?utm_source=snapeda&utm_medium=aggregator&utm_campaign=symbol"; VariantName = "[No Variations]"
Change component parameters (AddParameter): Name = "EU_RoHS_Compliance"; Value = "Compliant"; VariantName = "[No Variations]"
Change component parameters (AddParameter): Name = "MF"; Value = "TE Connectivity"; VariantName = "[No Variations]"
Change component parameters (AddParameter): Name = "MP"; Value = "TLR3A20KR003FTDG"; VariantName = "[No Variations]"
Change component parameters (AddParameter): Name = "Package"; Value = "2512"; VariantName = "[No Variations]"
Change component parameters (AddParameter): Name = "Power_Rating"; Value = "2 W"; VariantName = "[No Variations]"
Change component parameters (AddParameter): Name = "Resistance"; Value = ".003"; VariantName = "[No Variations]"
Change component parameters (AddParameter): Name = "SnapEDA_Link"; Value = "https://www.snapeda.com/parts/TLR3A20KR003FTDG/TE%20Connectivity/view-part/1169417/?ref=snap"; VariantName = "[No Variations]"
Change component parameters (AddParameter): Name = "TE_purchase_URL"; Value = "https://www.te.com/usa-en/product-1-1879378-2.html?te_bu=Cor&te_type=disp&te_campaign=seda_glo_cor-seda-global-disp-prtnr-fy19-seda-model-bom-cta_sma-317_1&elqCampaignId=32493"; VariantName = "[No Variations]"
Change component parameters (AddParameter): Name = "Tolerance"; Value = "1%"; VariantName = "[No Variations]"
Change component parameters (AddParameter): Name = "Value"; Value = ""; VariantName = "[No Variations]"
Change component parameters: Designator = "R48"; Footprint = "*RESC6331X70N"; UniqueID = "\OMMQJVFU"
Change component parameters. Clean all parameters for all variants
Change component parameters (AddParameter): Name = "Digi-Key_Part_Number"; Value = "A131783CT-ND"; VariantName = "[No Variations]"
Change component parameters (AddParameter): Name = "Digi-Key_Purchase_URL"; Value = "https://www.digikey.com/product-detail/en/te-connectivity-passive-product/TLR3A20KR003FTDG/A131783CT-ND/8603913?utm_source=snapeda&utm_medium=aggregator&utm_campaign=symbol"; VariantName = "[No Variations]"
Change component parameters (AddParameter): Name = "EU_RoHS_Compliance"; Value = "Compliant"; VariantName = "[No Variations]"
Change component parameters (AddParameter): Name = "MF"; Value = "TE Connectivity"; VariantName = "[No Variations]"
Change component parameters (AddParameter): Name = "MP"; Value = "TLR3A20KR003FTDG"; VariantName = "[No Variations]"
Change component parameters (AddParameter): Name = "Package"; Value = "2512"; VariantName = "[No Variations]"
Change component parameters (AddParameter): Name = "Power_Rating"; Value = "2 W"; VariantName = "[No Variations]"
Change component parameters (AddParameter): Name = "Resistance"; Value = ".003"; VariantName = "[No Variations]"
Change component parameters (AddParameter): Name = "SnapEDA_Link"; Value = "https://www.snapeda.com/parts/TLR3A20KR003FTDG/TE%20Connectivity/view-part/1169417/?ref=snap"; VariantName = "[No Variations]"
Change component parameters (AddParameter): Name = "TE_purchase_URL"; Value = "https://www.te.com/usa-en/product-1-1879378-2.html?te_bu=Cor&te_type=disp&te_campaign=seda_glo_cor-seda-global-disp-prtnr-fy19-seda-model-bom-cta_sma-317_1&elqCampaignId=32493"; VariantName = "[No Variations]"
Change component parameters (AddParameter): Name = "Tolerance"; Value = "1%"; VariantName = "[No Variations]"
Change component parameters (AddParameter): Name = "Value"; Value = ""; VariantName = "[No Variations]"
Change component parameters: Designator = "R54"; Footprint = "*RESC6331X70N"; UniqueID = "\SDBMZELD"
Change component parameters. Clean all parameters for all variants
Change component parameters (AddParameter): Name = "Digi-Key_Part_Number"; Value = "A131783CT-ND"; VariantName = "[No Variations]"
Change component parameters (AddParameter): Name = "Digi-Key_Purchase_URL"; Value = "https://www.digikey.com/product-detail/en/te-connectivity-passive-product/TLR3A20KR003FTDG/A131783CT-ND/8603913?utm_source=snapeda&utm_medium=aggregator&utm_campaign=symbol"; VariantName = "[No Variations]"
Change component parameters (AddParameter): Name = "EU_RoHS_Compliance"; Value = "Compliant"; VariantName = "[No Variations]"
Change component parameters (AddParameter): Name = "MF"; Value = "TE Connectivity"; VariantName = "[No Variations]"
Change component parameters (AddParameter): Name = "MP"; Value = "TLR3A20KR003FTDG"; VariantName = "[No Variations]"
Change component parameters (AddParameter): Name = "Package"; Value = "2512"; VariantName = "[No Variations]"
Change component parameters (AddParameter): Name = "Power_Rating"; Value = "2 W"; VariantName = "[No Variations]"
Change component parameters (AddParameter): Name = "Resistance"; Value = ".003"; VariantName = "[No Variations]"
Change component parameters (AddParameter): Name = "SnapEDA_Link"; Value = "https://www.snapeda.com/parts/TLR3A20KR003FTDG/TE%20Connectivity/view-part/1169417/?ref=snap"; VariantName = "[No Variations]"
Change component parameters (AddParameter): Name = "TE_purchase_URL"; Value = "https://www.te.com/usa-en/product-1-1879378-2.html?te_bu=Cor&te_type=disp&te_campaign=seda_glo_cor-seda-global-disp-prtnr-fy19-seda-model-bom-cta_sma-317_1&elqCampaignId=32493"; VariantName = "[No Variations]"
Change component parameters (AddParameter): Name = "Tolerance"; Value = "1%"; VariantName = "[No Variations]"
Change component parameters (AddParameter): Name = "Value"; Value = ""; VariantName = "[No Variations]"
Change component parameters: Designator = "R60"; Footprint = "*RESC6331X70N"; UniqueID = "\YWIXCNWR"
Change component parameters. Clean all parameters for all variants
Change component parameters (AddParameter): Name = "Digi-Key_Part_Number"; Value = "A131783CT-ND"; VariantName = "[No Variations]"
Change component parameters (AddParameter): Name = "Digi-Key_Purchase_URL"; Value = "https://www.digikey.com/product-detail/en/te-connectivity-passive-product/TLR3A20KR003FTDG/A131783CT-ND/8603913?utm_source=snapeda&utm_medium=aggregator&utm_campaign=symbol"; VariantName = "[No Variations]"
Change component parameters (AddParameter): Name = "EU_RoHS_Compliance"; Value = "Compliant"; VariantName = "[No Variations]"
Change component parameters (AddParameter): Name = "MF"; Value = "TE Connectivity"; VariantName = "[No Variations]"
Change component parameters (AddParameter): Name = "MP"; Value = "TLR3A20KR003FTDG"; VariantName = "[No Variations]"
Change component parameters (AddParameter): Name = "Package"; Value = "2512"; VariantName = "[No Variations]"
Change component parameters (AddParameter): Name = "Power_Rating"; Value = "2 W"; VariantName = "[No Variations]"
Change component parameters (AddParameter): Name = "Resistance"; Value = ".003"; VariantName = "[No Variations]"
Change component parameters (AddParameter): Name = "SnapEDA_Link"; Value = "https://www.snapeda.com/parts/TLR3A20KR003FTDG/TE%20Connectivity/view-part/1169417/?ref=snap"; VariantName = "[No Variations]"
Change component parameters (AddParameter): Name = "TE_purchase_URL"; Value = "https://www.te.com/usa-en/product-1-1879378-2.html?te_bu=Cor&te_type=disp&te_campaign=seda_glo_cor-seda-global-disp-prtnr-fy19-seda-model-bom-cta_sma-317_1&elqCampaignId=32493"; VariantName = "[No Variations]"
Change component parameters (AddParameter): Name = "Tolerance"; Value = "1%"; VariantName = "[No Variations]"
Change component parameters (AddParameter): Name = "Value"; Value = ""; VariantName = "[No Variations]"
Added Room: Name=Arm Power Distro Board (A)
Added Room: Name=DC-DC Converters
Added Room: Name=Input
Added Room: Name=Linear Voltage Regulator
Added Room: Name=Output - 24V
Added Room: Name=Output - Motor Units
